<?xml version="1.0" encoding="UTF-8"?>
<testng-results ignored="0" total="1" passed="1" failed="0" skipped="0">
  <reporter-output>
  </reporter-output>
  <suite started-at="2024-02-15T13:08:24 IST" name="Default suite" finished-at="2024-02-15T13:08:39 IST" duration-ms="14970">
    <groups>
    </groups>
    <test started-at="2024-02-15T13:08:24 IST" name="Default test" finished-at="2024-02-15T13:08:39 IST" duration-ms="14970">
      <class name="org.Vtiger.testcases.Organisation.P1">
        <test-method signature="amazon()[pri:0, instance:org.Vtiger.testcases.Organisation.P1@7205765b]" started-at="2024-02-15T13:08:24 IST" name="amazon" finished-at="2024-02-15T13:08:39 IST" duration-ms="14914" status="PASS">
          <reporter-output>
          </reporter-output>
        </test-method> <!-- amazon -->
      </class> <!-- org.Vtiger.testcases.Organisation.P1 -->
    </test> <!-- Default test -->
  </suite> <!-- Default suite -->
</testng-results>
